<?xml version="1.0"?>
<theme id="themeid" name="themename">
	<images>images-path</images>
	<layout>default-layout</layout>
	<stylesheet>stylesheet</stylesheet>
	<dialog>dialog</dialog>
</theme>